<?xml version="1.0" encoding="UTF-8"?>
<!-- Generated by org.testng.reporters.JUnitXMLReporter -->
<testsuite hostname="WIN-60DVCDSQH1P" name="Test" tests="9" failures="0" timestamp="21 May 2015 13:19:16 GMT" time="0.197" errors="0">
  <testcase name="runRandom" time="0.029" classname="testNgPractice.beforeSuite"/>
  <testcase name="runRandom" time="0.025" classname="testNgPractice.beforeSuite"/>
  <testcase name="runRandom" time="0.03" classname="testNgPractice.beforeSuite"/>
  <testcase name="runRandom2" time="0.007" classname="testNgPractice.beforeSuite"/>
  <testcase name="runRandom" time="0.004" classname="testNgPractice.afterSuite"/>
  <testcase name="runRandomOneAtTesth" time="0.012" classname="testNgPractice.atTest"/>
  <testcase name="runRandomOneAtTesthuh" time="0.005" classname="testNgPractice.atTest"/>
  <testcase name="runRandomOneAtTest" time="0.004" classname="testNgPractice.atTest"/>
  <testcase name="runRandom1232" time="0.015" classname="testNgPractice.atTest"/>
</testsuite> <!-- Test -->
