<?xml version="1.0" encoding="UTF-8"?>
<!-- Generated by org.testng.reporters.JUnitXMLReporter -->
<testsuite hostname="WIN-60DVCDSQH1P" name="Test2" tests="5" failures="0" timestamp="9 May 2015 15:41:19 GMT" time="0.016" errors="0">
  <testcase name="runRandom" time="0.0" classname="testNgPractice.atTest"/>
  <testcase name="runRandom" time="0.0" classname="testNgPractice.atTest"/>
  <testcase name="runRandom" time="0.0" classname="testNgPractice.atTest"/>
  <testcase name="runRandom" time="0.0" classname="testNgPractice.atTest"/>
  <testcase name="runRandom" time="0.0" classname="testNgPractice.atTest"/>
</testsuite> <!-- Test2 -->
